{
  "stats": {
    "suites": 1,
    "tests": 1,
    "passes": 0,
    "pending": 0,
    "failures": 1,
    "start": "2021-06-15T16:28:22.429Z",
    "end": "2021-06-15T16:28:24.197Z",
    "duration": 1768,
    "testsRegistered": 8,
    "passPercent": 0,
    "pendingPercent": 0,
    "other": 0,
    "hasOther": false,
    "skipped": 7,
    "hasSkipped": true
  },
  "results": [
    {
      "uuid": "1a85eb9c-536c-4f82-af58-29ad469045fb",
      "title": "",
      "fullFile": "cypress/integration/users.spec.js",
      "file": "cypress/integration/users.spec.js",
      "beforeHooks": [],
      "afterHooks": [],
      "tests": [],
      "suites": [
        {
          "uuid": "e70039f4-9774-4202-ac64-f4b88728c796",
          "title": "users",
          "fullFile": "",
          "file": "",
          "beforeHooks": [],
          "afterHooks": [],
          "tests": [],
          "suites": [
            {
              "uuid": "37025243-a6db-4a89-b9dc-531988bc5f49",
              "title": "list users",
              "fullFile": "",
              "file": "",
              "beforeHooks": [],
              "afterHooks": [],
              "tests": [
                {
                  "title": "lists users",
                  "fullTitle": "users list users lists users",
                  "timedOut": null,
                  "duration": 1690,
                  "state": "failed",
                  "speed": null,
                  "pass": false,
                  "fail": true,
                  "pending": false,
                  "context": "{\n  \"title\": \"Failed screenshot\",\n  \"value\": \"screenshots\\\\users.spec.js\\\\users -- lists users -- before all hook (failed).png\"\n}",
                  "code": "cy.contains('tr', 'Test user 5');\ncy.contains('tr', 'admin@platform9.com');",
                  "err": {
                    "message": "TypeError: Cannot read property 'username' of undefined\n\nBecause this error occurred during a `before all` hook we are skipping the remaining tests in the current suite: `users`",
                    "estack": "TypeError: Cannot read property 'username' of undefined\n\nBecause this error occurred during a `before all` hook we are skipping the remaining tests in the current suite: `users`\n    at Context.eval (https://pmkft-1620747884-26914.platform9.io/__cypress/tests?p=cypress\\support\\index.ts:229:40)",
                    "diff": null
                  },
                  "uuid": "6dfe2c9a-a1e9-43b2-9954-66502b63ff21",
                  "parentUUID": null,
                  "isHook": false,
                  "skipped": false
                }
              ],
              "suites": [],
              "passes": [],
              "failures": [
                "6dfe2c9a-a1e9-43b2-9954-66502b63ff21"
              ],
              "pending": [],
              "skipped": [],
              "duration": 1690,
              "root": false,
              "rootEmpty": false,
              "_timeout": 2000
            },
            {
              "uuid": "364228be-2d71-4810-a9a8-4f31c7e5a2bd",
              "title": "create user",
              "fullFile": "",
              "file": "",
              "beforeHooks": [],
              "afterHooks": [],
              "tests": [
                {
                  "title": "shows the create user dialog",
                  "fullTitle": "users create user shows the create user dialog",
                  "timedOut": null,
                  "duration": 0,
                  "state": "skipped",
                  "speed": null,
                  "pass": false,
                  "fail": false,
                  "pending": false,
                  "context": null,
                  "code": "cy.contains('button', 'Create a new User').click();\ncy.contains('New User');",
                  "err": {},
                  "uuid": "bb88456c-bf1b-4fff-8202-c466110f46fd",
                  "parentUUID": null,
                  "isHook": false,
                  "skipped": true
                },
                {
                  "title": "fills the name and description fields and move to next step",
                  "fullTitle": "users create user fills the name and description fields and move to next step",
                  "timedOut": null,
                  "duration": 0,
                  "state": "skipped",
                  "speed": null,
                  "pass": false,
                  "fail": false,
                  "pending": false,
                  "context": null,
                  "code": "cy.get('input#username').clear().type('User#Test');\ncy.get('input#displayname').clear().type('User#Test');\ncy.get('input#password').clear().type('Secret-123');\ncy.contains('button', 'Next').click();\ncy.contains('Select one or more tenants that should map to this user');",
                  "err": {},
                  "uuid": "2538550c-efd3-493a-a807-68c16f76aa00",
                  "parentUUID": null,
                  "isHook": false,
                  "skipped": true
                },
                {
                  "title": "select the users and roles and submit",
                  "fullTitle": "users create user select the users and roles and submit",
                  "timedOut": null,
                  "duration": 0,
                  "state": "skipped",
                  "speed": null,
                  "pass": false,
                  "fail": false,
                  "pending": false,
                  "context": null,
                  "code": "cy.contains('tr', 'Tenant #0').find('.MuiCheckbox-root').click();\ncy.contains('button', 'Complete').click();\ncy.contains('User User#Test created successfully');\ncy.contains('tr', 'User#Test');",
                  "err": {},
                  "uuid": "e9fc1cdc-0a44-4a7b-a833-d1519b03ad5f",
                  "parentUUID": null,
                  "isHook": false,
                  "skipped": true
                }
              ],
              "suites": [],
              "passes": [],
              "failures": [],
              "pending": [],
              "skipped": [
                "bb88456c-bf1b-4fff-8202-c466110f46fd",
                "2538550c-efd3-493a-a807-68c16f76aa00",
                "e9fc1cdc-0a44-4a7b-a833-d1519b03ad5f"
              ],
              "duration": 0,
              "root": false,
              "rootEmpty": false,
              "_timeout": 2000
            },
            {
              "uuid": "38cf4825-13bc-4a5c-9628-507c8724ebbd",
              "title": "edit user",
              "fullFile": "",
              "file": "",
              "beforeHooks": [],
              "afterHooks": [],
              "tests": [
                {
                  "title": "shows the edit user dialog",
                  "fullTitle": "users edit user shows the edit user dialog",
                  "timedOut": null,
                  "duration": 0,
                  "state": "skipped",
                  "speed": null,
                  "pass": false,
                  "fail": false,
                  "pending": false,
                  "context": null,
                  "code": "cy.contains('tr', 'User#Test').click();\ncy.contains('div', 'Edit').click();\ncy.contains('Edit User User#Test');",
                  "err": {},
                  "uuid": "ac0963db-854e-43be-b685-57b353cdead4",
                  "parentUUID": null,
                  "isHook": false,
                  "skipped": true
                },
                {
                  "title": "updates the user name and passsword and move to next step",
                  "fullTitle": "users edit user updates the user name and passsword and move to next step",
                  "timedOut": null,
                  "duration": 0,
                  "state": "skipped",
                  "speed": null,
                  "pass": false,
                  "fail": false,
                  "pending": false,
                  "context": null,
                  "code": "cy.contains('.togglableField', 'Username or Email').find('a').click();\ncy.contains('.togglableField', 'Display Name').find('a').click();\ncy.contains('.togglableField', 'Password').find('a').click();\ncy.get('input#username').clear().type('User#Test *EDITED*');\ncy.get('input#displayname').clear().type('User#Test *EDITED*');\ncy.get('input#password').clear().type('Secret-321');\ncy.contains('button', 'Next').click();\ncy.contains('Select one or more tenants that should map to this user');",
                  "err": {},
                  "uuid": "36452429-2bdb-457c-91ed-8ff1501e9842",
                  "parentUUID": null,
                  "isHook": false,
                  "skipped": true
                },
                {
                  "title": "change selected tenants and roles and submit",
                  "fullTitle": "users edit user change selected tenants and roles and submit",
                  "timedOut": null,
                  "duration": 0,
                  "state": "skipped",
                  "speed": null,
                  "pass": false,
                  "fail": false,
                  "pending": false,
                  "context": null,
                  "code": "cy.contains('tr', 'Tenant #0').find('.MuiCheckbox-root').click();\ncy.contains('tr', 'Tenant #2').find('.MuiSelect-root').click();\ncy.contains('li', 'admin').click();\ncy.contains('button', 'Complete').click();\ncy.contains('User User#Test updated successfully');\ncy.contains('User#Test *EDITED*');",
                  "err": {},
                  "uuid": "dcdbb524-134e-4bde-94df-33ce7133c0ba",
                  "parentUUID": null,
                  "isHook": false,
                  "skipped": true
                }
              ],
              "suites": [],
              "passes": [],
              "failures": [],
              "pending": [],
              "skipped": [
                "ac0963db-854e-43be-b685-57b353cdead4",
                "36452429-2bdb-457c-91ed-8ff1501e9842",
                "dcdbb524-134e-4bde-94df-33ce7133c0ba"
              ],
              "duration": 0,
              "root": false,
              "rootEmpty": false,
              "_timeout": 2000
            },
            {
              "uuid": "5b88ed5f-14da-4081-a638-a48954b0471d",
              "title": "remove user",
              "fullFile": "",
              "file": "",
              "beforeHooks": [],
              "afterHooks": [],
              "tests": [
                {
                  "title": "delete the newly created user",
                  "fullTitle": "users remove user delete the newly created user",
                  "timedOut": null,
                  "duration": 0,
                  "state": "skipped",
                  "speed": null,
                  "pass": false,
                  "fail": false,
                  "pending": false,
                  "context": null,
                  "code": "cy.contains('tr', 'User#Test *EDITED*').click();\ncy.contains('Delete').click();\ncy.contains('Are you sure?');\ncy.contains('Confirm').click();\ncy.contains('User User#Test *EDITED* deleted successfully');\ncy.contains('tr', 'User#Test *EDITED*').should('not.exist');",
                  "err": {},
                  "uuid": "74651547-3650-43c5-ac45-6cb901546550",
                  "parentUUID": null,
                  "isHook": false,
                  "skipped": true
                }
              ],
              "suites": [],
              "passes": [],
              "failures": [],
              "pending": [],
              "skipped": [
                "74651547-3650-43c5-ac45-6cb901546550"
              ],
              "duration": 0,
              "root": false,
              "rootEmpty": false,
              "_timeout": 2000
            }
          ],
          "passes": [],
          "failures": [],
          "pending": [],
          "skipped": [],
          "duration": 0,
          "root": false,
          "rootEmpty": false,
          "_timeout": 2000
        }
      ],
      "passes": [],
      "failures": [],
      "pending": [],
      "skipped": [],
      "duration": 0,
      "root": true,
      "rootEmpty": true,
      "_timeout": 2000
    }
  ],
  "meta": {
    "mocha": {
      "version": "7.0.1"
    },
    "mochawesome": {
      "options": {
        "quiet": false,
        "reportFilename": "mochawesome",
        "saveHtml": true,
        "saveJson": true,
        "consoleReporter": "spec",
        "useInlineDiffs": false,
        "code": true
      },
      "version": "6.2.2"
    },
    "marge": {
      "options": {
        "reportDir": "cypress/reports/mocha",
        "overwrite": false,
        "html": true,
        "json": true
      },
      "version": "5.2.0"
    }
  }
}