{
  "stats": {
    "suites": 1,
    "tests": 4,
    "passes": 4,
    "pending": 0,
    "failures": 0,
    "start": "2021-06-15T16:16:18.704Z",
    "end": "2021-06-15T16:20:44.751Z",
    "duration": 266047,
    "testsRegistered": 4,
    "passPercent": 100,
    "pendingPercent": 0,
    "other": 0,
    "hasOther": false,
    "skipped": 0,
    "hasSkipped": false
  },
  "results": [
    {
      "uuid": "5d91348d-0e13-43c7-a435-b89839d8ffd1",
      "title": "",
      "fullFile": "cypress/integration/oneClickClusterCreation.ts",
      "file": "cypress/integration/oneClickClusterCreation.ts",
      "beforeHooks": [],
      "afterHooks": [],
      "tests": [],
      "suites": [
        {
          "uuid": "cbbb0217-9b67-4c77-8370-fa3241bce9d6",
          "title": "Single Master Cluster Creation",
          "fullFile": "",
          "file": "",
          "beforeHooks": [],
          "afterHooks": [],
          "tests": [
            {
              "title": "Should be able add cluster of type \"One-Click Cluster\"",
              "fullTitle": "Single Master Cluster Creation Should be able add cluster of type \"One-Click Cluster\"",
              "timedOut": null,
              "duration": 25276,
              "state": "passed",
              "speed": "slow",
              "pass": true,
              "fail": false,
              "pending": false,
              "context": null,
              "code": "cy.intercept('GET', /\\/.*clusters\\/supportedRoleVersions$/).as('supportedRoleVersions');\ncy.get(\"a[href='/ui/kubernetes/infrastructure/clusters/add']\", { timeout: 3000 }).click();\ncy.contains('BareOS Virtual Cluster');\ncy.xpath(\"//span[contains(text(),'One-Click Cluster')]\").click();\ncy.wait('@supportedRoleVersions');\ncy.get('#name').type(clusterName);\ncy.get('#kubeRoleVersion').click();\ncy.get(\"li[data-value='1.18.10-pmk.1547']\").click();",
              "err": {},
              "uuid": "4c5bbaa4-eb24-47f4-9a3d-7b03c9f0ae40",
              "parentUUID": "cbbb0217-9b67-4c77-8370-fa3241bce9d6",
              "isHook": false,
              "skipped": false
            },
            {
              "title": "Should be able to select a node",
              "fullTitle": "Single Master Cluster Creation Should be able to select a node",
              "timedOut": null,
              "duration": 142,
              "state": "passed",
              "speed": "slow",
              "pass": true,
              "fail": false,
              "pending": false,
              "context": null,
              "code": "var desiredNodeCount = 1;\ncy.xpath(\"//tr[@class='MuiTableRow-root']//input[@type='radio']\").each(($el) => {\n    $el.click();\n    desiredNodeCount--;\n    if (desiredNodeCount === 0)\n        return false;\n});",
              "err": {},
              "uuid": "9f0b9569-649c-44ad-8862-bd0273c50111",
              "parentUUID": "cbbb0217-9b67-4c77-8370-fa3241bce9d6",
              "isHook": false,
              "skipped": false
            },
            {
              "title": "Should be able to review and complete setup of the cluster",
              "fullTitle": "Single Master Cluster Creation Should be able to review and complete setup of the cluster",
              "timedOut": null,
              "duration": 349,
              "state": "passed",
              "speed": "slow",
              "pass": true,
              "fail": false,
              "pending": false,
              "context": null,
              "code": "cy.contains(\"Complete\").click();",
              "err": {},
              "uuid": "120aea22-e791-4691-bf3d-5ac7e496b53b",
              "parentUUID": "cbbb0217-9b67-4c77-8370-fa3241bce9d6",
              "isHook": false,
              "skipped": false
            },
            {
              "title": "Should be able to verify Cluster Creation Completed Successfully",
              "fullTitle": "Single Master Cluster Creation Should be able to verify Cluster Creation Completed Successfully",
              "timedOut": null,
              "duration": 240120,
              "state": "passed",
              "speed": "slow",
              "pass": true,
              "fail": false,
              "pending": false,
              "context": null,
              "code": "cy.wait(240000).then(() => {\n    cy.xpath(\"//article//following-sibling::div/p\", { timeout: 60000 }).each(($el) => {\n        cy.get($el).contains(/^Completed all [0-9]+ tasks successfully$/);\n    });\n});",
              "err": {},
              "uuid": "0db13452-b96b-4b4f-99c1-0e5697bd142f",
              "parentUUID": "cbbb0217-9b67-4c77-8370-fa3241bce9d6",
              "isHook": false,
              "skipped": false
            }
          ],
          "suites": [],
          "passes": [
            "4c5bbaa4-eb24-47f4-9a3d-7b03c9f0ae40",
            "9f0b9569-649c-44ad-8862-bd0273c50111",
            "120aea22-e791-4691-bf3d-5ac7e496b53b",
            "0db13452-b96b-4b4f-99c1-0e5697bd142f"
          ],
          "failures": [],
          "pending": [],
          "skipped": [],
          "duration": 265887,
          "root": false,
          "rootEmpty": false,
          "_timeout": 2000
        }
      ],
      "passes": [],
      "failures": [],
      "pending": [],
      "skipped": [],
      "duration": 0,
      "root": true,
      "rootEmpty": true,
      "_timeout": 2000
    }
  ],
  "meta": {
    "mocha": {
      "version": "7.0.1"
    },
    "mochawesome": {
      "options": {
        "quiet": false,
        "reportFilename": "mochawesome",
        "saveHtml": true,
        "saveJson": true,
        "consoleReporter": "spec",
        "useInlineDiffs": false,
        "code": true
      },
      "version": "6.2.2"
    },
    "marge": {
      "options": {
        "reportDir": "cypress/reports/mocha",
        "overwrite": false,
        "html": true,
        "json": true
      },
      "version": "5.2.0"
    }
  }
}