{
  "stats": {
    "suites": 1,
    "tests": 7,
    "passes": 7,
    "pending": 0,
    "failures": 0,
    "start": "2021-06-15T16:22:08.032Z",
    "end": "2021-06-15T16:26:44.752Z",
    "duration": 276720,
    "testsRegistered": 7,
    "passPercent": 100,
    "pendingPercent": 0,
    "other": 0,
    "hasOther": false,
    "skipped": 0,
    "hasSkipped": false
  },
  "results": [
    {
      "uuid": "2a162446-56fb-4dbf-b8f6-f11d8e729d8e",
      "title": "",
      "fullFile": "cypress/integration/singleMasterClusterCreation.spec.ts",
      "file": "cypress/integration/singleMasterClusterCreation.spec.ts",
      "beforeHooks": [],
      "afterHooks": [],
      "tests": [],
      "suites": [
        {
          "uuid": "892b715f-57b1-4cf1-9836-7ded362f1710",
          "title": "Single Master Cluster Creation",
          "fullFile": "",
          "file": "",
          "beforeHooks": [],
          "afterHooks": [],
          "tests": [
            {
              "title": "Should be able add cluster of type \"SingleMaster\"",
              "fullTitle": "Single Master Cluster Creation Should be able add cluster of type \"SingleMaster\"",
              "timedOut": null,
              "duration": 34003,
              "state": "passed",
              "speed": "slow",
              "pass": true,
              "fail": false,
              "pending": false,
              "context": null,
              "code": "cy.intercept('GET', /\\/.*clusters\\/supportedRoleVersions$/).as('supportedRoleVersions');\ncy.get(\"a[href='/ui/kubernetes/infrastructure/clusters/add']\", { timeout: 3000 }).click();\ncy.contains('BareOS Virtual Cluster');\ncy.xpath(\"//span[contains(text(),'Single Master Cluster')]\").click();\ncy.wait('@supportedRoleVersions');\ncy.get('#name').type(clusterName);\ncy.get('#kubeRoleVersion').click();\ncy.get(\"li[data-value='1.18.10-pmk.1547']\").click();\ncy.xpath(\"//span[text()='IPv4']/preceding::input[@type='radio']\").should('be.checked');\ncy.contains(\"Next\").click();",
              "err": {},
              "uuid": "90bcd613-ca13-4bbb-84ca-1c13669eaed6",
              "parentUUID": "892b715f-57b1-4cf1-9836-7ded362f1710",
              "isHook": false,
              "skipped": false
            },
            {
              "title": "Should be able to setup Master Node",
              "fullTitle": "Single Master Cluster Creation Should be able to setup Master Node",
              "timedOut": null,
              "duration": 558,
              "state": "passed",
              "speed": "slow",
              "pass": true,
              "fail": false,
              "pending": false,
              "context": null,
              "code": "cy.contains('Select a node to add as a Master Node');\ncy.xpath(\"//tr[@class='MuiTableRow-root']//input[@type='radio']\").first().click();\ncy.contains(\"Next\").click();",
              "err": {},
              "uuid": "b07fec23-ede8-4885-929c-6fbdb31279c5",
              "parentUUID": "892b715f-57b1-4cf1-9836-7ded362f1710",
              "isHook": false,
              "skipped": false
            },
            {
              "title": "Should be able to setup Worker Nodes",
              "fullTitle": "Single Master Cluster Creation Should be able to setup Worker Nodes",
              "timedOut": null,
              "duration": 426,
              "state": "passed",
              "speed": "slow",
              "pass": true,
              "fail": false,
              "pending": false,
              "context": null,
              "code": "cy.contains('Select nodes to add as Worker Nodes');\nvar desiredNodeCount = 2;\ncy.xpath(\"//tr[@class='MuiTableRow-root']//input[@type='checkbox']\").each(($el) => {\n    $el.click();\n    desiredNodeCount--;\n    if (desiredNodeCount === 0)\n        return false;\n});\ncy.contains(\"Next\").click();",
              "err": {},
              "uuid": "a41e0c53-7c03-4d70-a7b3-32f9708727b8",
              "parentUUID": "892b715f-57b1-4cf1-9836-7ded362f1710",
              "isHook": false,
              "skipped": false
            },
            {
              "title": "Should be able to setup Network",
              "fullTitle": "Single Master Cluster Creation Should be able to setup Network",
              "timedOut": null,
              "duration": 385,
              "state": "passed",
              "speed": "slow",
              "pass": true,
              "fail": false,
              "pending": false,
              "context": null,
              "code": "cy.contains('Cluster Networking Range & HTTP Proxy');\n// TODO: Add validations\ncy.contains(\"Next\").click();",
              "err": {},
              "uuid": "19c98c2d-16c1-4f2e-acc1-02797ffa37cd",
              "parentUUID": "892b715f-57b1-4cf1-9836-7ded362f1710",
              "isHook": false,
              "skipped": false
            },
            {
              "title": "Should be able to setup Advanced Configuration",
              "fullTitle": "Single Master Cluster Creation Should be able to setup Advanced Configuration",
              "timedOut": null,
              "duration": 430,
              "state": "passed",
              "speed": "slow",
              "pass": true,
              "fail": false,
              "pending": false,
              "context": null,
              "code": "cy.contains('Advanced Configuration');\n// TODO: Add validations\ncy.contains(\"Next\").click();",
              "err": {},
              "uuid": "3343de78-10ec-433b-9dca-3c8855277221",
              "parentUUID": "892b715f-57b1-4cf1-9836-7ded362f1710",
              "isHook": false,
              "skipped": false
            },
            {
              "title": "Should be able to review and complete setup of the cluster",
              "fullTitle": "Single Master Cluster Creation Should be able to review and complete setup of the cluster",
              "timedOut": null,
              "duration": 418,
              "state": "passed",
              "speed": "slow",
              "pass": true,
              "fail": false,
              "pending": false,
              "context": null,
              "code": "cy.contains('Finish and Review');\n// TODO: Add validations\ncy.contains(\"Complete\").click();",
              "err": {},
              "uuid": "73a9b977-ddac-4e60-96b2-453755b63b17",
              "parentUUID": "892b715f-57b1-4cf1-9836-7ded362f1710",
              "isHook": false,
              "skipped": false
            },
            {
              "title": "Should be able to verify Cluster Creation Completed Successfully",
              "fullTitle": "Single Master Cluster Creation Should be able to verify Cluster Creation Completed Successfully",
              "timedOut": null,
              "duration": 240302,
              "state": "passed",
              "speed": "slow",
              "pass": true,
              "fail": false,
              "pending": false,
              "context": null,
              "code": "// cy.waitUntil(()=>{\n//     cy.xpath(\"//article//following-sibling::div/p\",{timeout: 60000}).each(($el)=>{\n//         cy.get($el).contains(/^Completed all [0-9]+ tasks successfully$/)\n//     })\n//   })\ncy.wait(240000).then(() => {\n    cy.xpath(\"//article//following-sibling::div/p\", { timeout: 60000 }).each(($el) => {\n        const ele1 = $el;\n        cy.get(ele1).contains(/^Completed all [0-9]+ tasks successfully$/);\n    });\n});",
              "err": {},
              "uuid": "0ff72975-3ff0-43bc-b7b7-a499b159fbbf",
              "parentUUID": "892b715f-57b1-4cf1-9836-7ded362f1710",
              "isHook": false,
              "skipped": false
            }
          ],
          "suites": [],
          "passes": [
            "90bcd613-ca13-4bbb-84ca-1c13669eaed6",
            "b07fec23-ede8-4885-929c-6fbdb31279c5",
            "a41e0c53-7c03-4d70-a7b3-32f9708727b8",
            "19c98c2d-16c1-4f2e-acc1-02797ffa37cd",
            "3343de78-10ec-433b-9dca-3c8855277221",
            "73a9b977-ddac-4e60-96b2-453755b63b17",
            "0ff72975-3ff0-43bc-b7b7-a499b159fbbf"
          ],
          "failures": [],
          "pending": [],
          "skipped": [],
          "duration": 276522,
          "root": false,
          "rootEmpty": false,
          "_timeout": 2000
        }
      ],
      "passes": [],
      "failures": [],
      "pending": [],
      "skipped": [],
      "duration": 0,
      "root": true,
      "rootEmpty": true,
      "_timeout": 2000
    }
  ],
  "meta": {
    "mocha": {
      "version": "7.0.1"
    },
    "mochawesome": {
      "options": {
        "quiet": false,
        "reportFilename": "mochawesome",
        "saveHtml": true,
        "saveJson": true,
        "consoleReporter": "spec",
        "useInlineDiffs": false,
        "code": true
      },
      "version": "6.2.2"
    },
    "marge": {
      "options": {
        "reportDir": "cypress/reports/mocha",
        "overwrite": false,
        "html": true,
        "json": true
      },
      "version": "5.2.0"
    }
  }
}