{
  "stats": {
    "suites": 1,
    "tests": 1,
    "passes": 0,
    "pending": 0,
    "failures": 1,
    "start": "2021-06-15T16:28:09.560Z",
    "end": "2021-06-15T16:28:16.974Z",
    "duration": 7414,
    "testsRegistered": 8,
    "passPercent": 0,
    "pendingPercent": 0,
    "other": 0,
    "hasOther": false,
    "skipped": 7,
    "hasSkipped": true
  },
  "results": [
    {
      "uuid": "fe9762b4-05e5-453a-a3b6-8d40a0bbf259",
      "title": "",
      "fullFile": "cypress/integration/tenants.spec.js",
      "file": "cypress/integration/tenants.spec.js",
      "beforeHooks": [],
      "afterHooks": [],
      "tests": [],
      "suites": [
        {
          "uuid": "f39b118e-14c2-40f4-8f9e-43d03c02d3a6",
          "title": "tenants",
          "fullFile": "",
          "file": "",
          "beforeHooks": [],
          "afterHooks": [],
          "tests": [],
          "suites": [
            {
              "uuid": "67e8a4b6-16cb-4a4d-bfd5-3877a9484ca3",
              "title": "list tenants",
              "fullFile": "",
              "file": "",
              "beforeHooks": [],
              "afterHooks": [],
              "tests": [
                {
                  "title": "lists tenants",
                  "fullTitle": "tenants list tenants lists tenants",
                  "timedOut": null,
                  "duration": 7329,
                  "state": "failed",
                  "speed": null,
                  "pass": false,
                  "fail": true,
                  "pending": false,
                  "context": "{\n  \"title\": \"Failed screenshot\",\n  \"value\": \"screenshots\\\\tenants.spec.js\\\\tenants -- lists tenants -- before all hook (failed).png\"\n}",
                  "code": "cy.contains('Tenant #1');\ncy.contains('service');",
                  "err": {
                    "message": "TypeError: Cannot read property 'username' of undefined\n\nBecause this error occurred during a `before all` hook we are skipping the remaining tests in the current suite: `tenants`",
                    "estack": "TypeError: Cannot read property 'username' of undefined\n\nBecause this error occurred during a `before all` hook we are skipping the remaining tests in the current suite: `tenants`\n    at Context.eval (https://pmkft-1620747884-26914.platform9.io/__cypress/tests?p=cypress\\support\\index.ts:229:40)",
                    "diff": null
                  },
                  "uuid": "d40962fb-d3eb-4764-a2f6-f742ff579687",
                  "parentUUID": null,
                  "isHook": false,
                  "skipped": false
                }
              ],
              "suites": [],
              "passes": [],
              "failures": [
                "d40962fb-d3eb-4764-a2f6-f742ff579687"
              ],
              "pending": [],
              "skipped": [],
              "duration": 7329,
              "root": false,
              "rootEmpty": false,
              "_timeout": 2000
            },
            {
              "uuid": "9477ad4c-1420-4b92-ac44-1f3886c42136",
              "title": "create tenant",
              "fullFile": "",
              "file": "",
              "beforeHooks": [],
              "afterHooks": [],
              "tests": [
                {
                  "title": "shows the create tenant dialog",
                  "fullTitle": "tenants create tenant shows the create tenant dialog",
                  "timedOut": null,
                  "duration": 0,
                  "state": "skipped",
                  "speed": null,
                  "pass": false,
                  "fail": false,
                  "pending": false,
                  "context": null,
                  "code": "cy.contains('button', 'Create a New Tenant').click();\ncy.contains('New Tenant');",
                  "err": {},
                  "uuid": "42e372f6-32e2-4f6d-9533-b58cf00c82b7",
                  "parentUUID": null,
                  "isHook": false,
                  "skipped": true
                },
                {
                  "title": "fills the name and description fields and move to next step",
                  "fullTitle": "tenants create tenant fills the name and description fields and move to next step",
                  "timedOut": null,
                  "duration": 0,
                  "state": "skipped",
                  "speed": null,
                  "pass": false,
                  "fail": false,
                  "pending": false,
                  "context": null,
                  "code": "cy.get('input#name').clear().type('Tenant#Test');\ncy.get('input#description').clear().type('Tenant#Test Description');\ncy.contains('button', 'Next').click();\ncy.contains('Select one or more users that should map to this Tenant');",
                  "err": {},
                  "uuid": "134f0932-ffed-48b7-91a7-f8809641136a",
                  "parentUUID": null,
                  "isHook": false,
                  "skipped": true
                },
                {
                  "title": "select the users and roles and submit",
                  "fullTitle": "tenants create tenant select the users and roles and submit",
                  "timedOut": null,
                  "duration": 0,
                  "state": "skipped",
                  "speed": null,
                  "pass": false,
                  "fail": false,
                  "pending": false,
                  "context": null,
                  "code": "cy.contains('Test user 5').click();\ncy.contains('Complete').click();\ncy.contains('Tenant Tenant#Test created successfully');\ncy.contains('tr', 'Tenant#Test');",
                  "err": {},
                  "uuid": "bc501d83-90a4-4e4a-bbaa-276cb02fadbf",
                  "parentUUID": null,
                  "isHook": false,
                  "skipped": true
                }
              ],
              "suites": [],
              "passes": [],
              "failures": [],
              "pending": [],
              "skipped": [
                "42e372f6-32e2-4f6d-9533-b58cf00c82b7",
                "134f0932-ffed-48b7-91a7-f8809641136a",
                "bc501d83-90a4-4e4a-bbaa-276cb02fadbf"
              ],
              "duration": 0,
              "root": false,
              "rootEmpty": false,
              "_timeout": 2000
            },
            {
              "uuid": "5b590635-3647-4ba3-bfa1-40d9791e7fa8",
              "title": "edit tenant",
              "fullFile": "",
              "file": "",
              "beforeHooks": [],
              "afterHooks": [],
              "tests": [
                {
                  "title": "shows the edit tenant dialog",
                  "fullTitle": "tenants edit tenant shows the edit tenant dialog",
                  "timedOut": null,
                  "duration": 0,
                  "state": "skipped",
                  "speed": null,
                  "pass": false,
                  "fail": false,
                  "pending": false,
                  "context": null,
                  "code": "cy.contains('tr', 'Tenant#Test').click();\ncy.contains('div', 'Edit').click();\ncy.contains('Edit Tenant Tenant#Test');",
                  "err": {},
                  "uuid": "8886b7da-d144-4b40-b91f-79e35f5c012c",
                  "parentUUID": null,
                  "isHook": false,
                  "skipped": true
                },
                {
                  "title": "updates the tenant name and description and move to next step",
                  "fullTitle": "tenants edit tenant updates the tenant name and description and move to next step",
                  "timedOut": null,
                  "duration": 0,
                  "state": "skipped",
                  "speed": null,
                  "pass": false,
                  "fail": false,
                  "pending": false,
                  "context": null,
                  "code": "cy.get('input#name').clear().type('Tenant#Test *EDITED*');\ncy.get('input#description').clear().type('Tenant#Test Description edited');\ncy.contains('button', 'Next').click();\ncy.contains('Which users can access this tenant?');",
                  "err": {},
                  "uuid": "41b44b71-8bda-4031-bf3b-cc738228522a",
                  "parentUUID": null,
                  "isHook": false,
                  "skipped": true
                },
                {
                  "title": "change selected users and roles and submit",
                  "fullTitle": "tenants edit tenant change selected users and roles and submit",
                  "timedOut": null,
                  "duration": 0,
                  "state": "skipped",
                  "speed": null,
                  "pass": false,
                  "fail": false,
                  "pending": false,
                  "context": null,
                  "code": "cy.contains('tr', 'Test user 5').find('.MuiCheckbox-root').click();\ncy.contains('tr', 'Test user 7').find('.MuiSelect-root').click();\ncy.contains('li', 'admin').click();\ncy.contains('button', 'Complete').click();\ncy.contains('Tenant Tenant#Test updated successfully');\ncy.contains('Tenant#Test *EDITED*');",
                  "err": {},
                  "uuid": "075e0feb-8bf4-4b1a-b174-f223ae7b9f27",
                  "parentUUID": null,
                  "isHook": false,
                  "skipped": true
                }
              ],
              "suites": [],
              "passes": [],
              "failures": [],
              "pending": [],
              "skipped": [
                "8886b7da-d144-4b40-b91f-79e35f5c012c",
                "41b44b71-8bda-4031-bf3b-cc738228522a",
                "075e0feb-8bf4-4b1a-b174-f223ae7b9f27"
              ],
              "duration": 0,
              "root": false,
              "rootEmpty": false,
              "_timeout": 2000
            },
            {
              "uuid": "9252d4f6-e6f3-49fd-8aa8-f9eea234d344",
              "title": "remove tenant",
              "fullFile": "",
              "file": "",
              "beforeHooks": [],
              "afterHooks": [],
              "tests": [
                {
                  "title": "delete the newly created tenant",
                  "fullTitle": "tenants remove tenant delete the newly created tenant",
                  "timedOut": null,
                  "duration": 0,
                  "state": "skipped",
                  "speed": null,
                  "pass": false,
                  "fail": false,
                  "pending": false,
                  "context": null,
                  "code": "cy.contains('tr', 'Tenant#Test *EDITED*').click();\ncy.contains('Delete').click();\ncy.contains('Are you sure?');\ncy.contains('Confirm').click();\ncy.contains('Tenant Tenant#Test *EDITED* deleted successfully');\ncy.contains('tr', 'Tenant#Test *EDITED*').should('not.exist');",
                  "err": {},
                  "uuid": "86df1a45-67bd-4660-bfd5-075856de606c",
                  "parentUUID": null,
                  "isHook": false,
                  "skipped": true
                }
              ],
              "suites": [],
              "passes": [],
              "failures": [],
              "pending": [],
              "skipped": [
                "86df1a45-67bd-4660-bfd5-075856de606c"
              ],
              "duration": 0,
              "root": false,
              "rootEmpty": false,
              "_timeout": 2000
            }
          ],
          "passes": [],
          "failures": [],
          "pending": [],
          "skipped": [],
          "duration": 0,
          "root": false,
          "rootEmpty": false,
          "_timeout": 2000
        }
      ],
      "passes": [],
      "failures": [],
      "pending": [],
      "skipped": [],
      "duration": 0,
      "root": true,
      "rootEmpty": true,
      "_timeout": 2000
    }
  ],
  "meta": {
    "mocha": {
      "version": "7.0.1"
    },
    "mochawesome": {
      "options": {
        "quiet": false,
        "reportFilename": "mochawesome",
        "saveHtml": true,
        "saveJson": true,
        "consoleReporter": "spec",
        "useInlineDiffs": false,
        "code": true
      },
      "version": "6.2.2"
    },
    "marge": {
      "options": {
        "reportDir": "cypress/reports/mocha",
        "overwrite": false,
        "html": true,
        "json": true
      },
      "version": "5.2.0"
    }
  }
}